


materialPath: A:\Steam\steamapps\common\insurgency2\insurgency\materials
Loading A:\Steam\steamapps\common\insurgency2\insurgency\maps\acclamator_assault_blockout.vmf
Map revision 6
fixing up env_cubemap materials on brush sides...
0...1...2...3...4...5...6...7...8...9...100...1...2...3...4...5...6...7...8...9...10Processing areas...done (0)
Building Faces...done (0)
FixTjuncs...
PruneNodes...
WriteBSP...
done (0)
writing A:\Steam\steamapps\common\insurgency2\insurgency\maps\acclamator_assault_blockout.prt...Building visibility clusters...
done (0)
Finding displacement neighbors...
Finding lightmap sample positions...
Displacement Alpha : 0...1...2...3...4...5...6...7...8...9...10
Building Physics collision data...
done (0) (104072 bytes)
Placing detail props : 0...1...2...3...4...5...6...7...8...9...10
Compacting texture/material tables...
Reduced 44 texinfos to 34
Reduced 7 texdatas to 7 (162 bytes to 162)
Writing A:\Steam\steamapps\common\insurgency2\insurgency\maps\acclamator_assault_blockout.bsp
0 seconds elapsed



8 threads
reading a:\steam\steamapps\common\insurgency2\insurgency\maps\acclamator_assault_blockout.bsp
reading a:\steam\steamapps\common\insurgency2\insurgency\maps\acclamator_assault_blockout.prt
 173 portalclusters
 277 numportals
0...1...2...3...4...5...6...7...8...9...100...1...2...3...4...5...6...7...8...9...10Optimized: 148 visible clusters (0.00%)
Total clusters visible: 8655
Average clusters visible: 50
Building PAS...
Average clusters audible: 140
visdatasize:8282  compressed from 8304
writing a:\steam\steamapps\common\insurgency2\insurgency\maps\acclamator_assault_blockout.bsp
0 seconds elapsed



[Reading texlights from 'lights.rad']
[4 texlights parsed from 'lights.rad']

Loading a:\steam\steamapps\common\insurgency2\insurgency\maps\acclamator_assault_blockout.bsp
861 faces
404675 square feet [58273280.00 square inches]
0 Displacements
0 Square Feet [0.00 Square Inches]
861 patches before subdivision
39737 patches after subdivision
6 direct lights
0...1...2...3...4...5...6...7...8...9...100...1...2...3...4...5...6...7...8...9...10transfers 3368850, max 302
transfer lists:  25.7 megs
0...1...2...3...4...5...6...7...8...9...10	Bounce #1 added RGB(6679, 3075, 110)
0...1...2...3...4...5...6...7...8...9...10	Bounce #2 added RGB(3616, 499, 1)
0...1...2...3...4...5...6...7...8...9...10	Bounce #3 added RGB(2011, 81, 0)
0...1...2...3...4...5...6...7...8...9...10	Bounce #4 added RGB(1133, 13, 0)
0...1...2...3...4...5...6...7...8...9...10	Bounce #5 added RGB(645, 2, 0)
0...1...2...3...4...5...6...7...8...9...10	Bounce #6 added RGB(370, 0, 0)
0...1...2...3...4...5...6...7...8...9...10	Bounce #7 added RGB(214, 0, 0)
0...1...2...3...4...5...6...7...8...9...10	Bounce #8 added RGB(124, 0, 0)
0...1...2...3...4...5...6...7...8...9...10	Bounce #9 added RGB(72, 0, 0)
0...1...2...3...4...5...6...7...8...9...10	Bounce #10 added RGB(42, 0, 0)
0...1...2...3...4...5...6...7...8...9...10	Bounce #11 added RGB(25, 0, 0)
0...1...2...3...4...5...6...7...8...9...10	Bounce #12 added RGB(14, 0, 0)
0...1...2...3...4...5...6...7...8...9...10	Bounce #13 added RGB(8, 0, 0)
0...1...2...3...4...5...6...7...8...9...10	Bounce #14 added RGB(5, 0, 0)
0...1...2...3...4...5...6...7...8...9...10	Bounce #15 added RGB(3, 0, 0)
0...1...2...3...4...5...6...7...8...9...10	Bounce #16 added RGB(2, 0, 0)
0...1...2...3...4...5...6...7...8...9...10	Bounce #17 added RGB(1, 0, 0)
0...1...2...3...4...5...6...7...8...9...10	Bounce #18 added RGB(1, 0, 0)
Build Patch/Sample Hash Table(s).....Done<0.0098 sec>
0...1...2...3...4...5...6...7...8...9...10FinalLightFace Done
0 of 0 (0% of) surface lights went in leaf ambient cubes.
0...1...2...3...4...5...6...7...8...9...10Writing leaf ambient...done
Ready to Finish

Object names       Objects/Maxobjs  Memory / Maxmem  Fullness 
------------       ---------------  ---------------  -------- 
models                   1/1024           48/49152    ( 0.1%) 
brushes                300/8192         3600/98304    ( 3.7%) 
brushsides            1800/65536       14400/524288   ( 2.7%) 
planes                 328/65536        6560/1310720  ( 0.5%) 
vertexes              1514/65536       18168/786432   ( 2.3%) 
nodes                  535/65536       17120/2097152  ( 0.8%) 
texinfos                34/12288        2448/884736   ( 0.3%) 
texdata                  7/2048          224/65536    ( 0.3%) 
dispinfos                0/0               0/0        ( 0.0%) 
disp_verts               0/0               0/0        ( 0.0%) 
disp_tris                0/0               0/0        ( 0.0%) 
disp_multiblend          0/0               0/0        ( 0.0%) 
disp_lmsamples           0/0               0/0        ( 0.0%) 
faces                  861/65536       48216/3670016  ( 1.3%) 
hdr faces                0/65536           0/3670016  ( 0.0%) 
origfaces              439/65536       24584/3670016  ( 0.7%) 
facebrushes            304/0             608/0        ( 0.0%) 
facebrushlists         861/0            3444/0        ( 0.0%) 
leaves                 537/65536       17184/2097152  ( 0.8%) 
leaffaces              882/65536        1764/131072   ( 1.3%) 
leafbrushes            602/65536        1204/131072   ( 0.9%) 
areas                    2/1024           16/8192     ( 0.2%) 
surfedges             5810/512000      23240/2048000  ( 1.1%) 
edges                 3462/256000      13848/1024000  ( 1.4%) 
LDR worldlights          6/8192          600/819200   ( 0.1%) 
HDR worldlights          0/8192            0/819200   ( 0.0%) 
leafwaterdata            0/32768           0/393216   ( 0.0%) 
waterstrips             70/32768         700/327680   ( 0.2%) 
waterverts               0/65536           0/786432   ( 0.0%) 
waterindices          1080/65536        2160/131072   ( 1.6%) 
cubemapsamples           0/1024            0/16384    ( 0.0%) 
overlays                 0/1024            0/360448   ( 0.0%) 
LDR lightdata         [variable]     1923640/0        ( 0.0%) 
HDR lightdata         [variable]           0/0        ( 0.0%) 
visdata               [variable]        8282/16777216 ( 0.0%) 
entdata               [variable]        4690/393216   ( 1.2%) 
LDR ambient table      537/65536        2148/262144   ( 0.8%) 
HDR ambient table      537/65536        2148/262144   ( 0.8%) 
LDR leaf ambient      1874/65536       52472/1835008  ( 2.9%) 
HDR leaf ambient       537/65536       15036/1835008  ( 0.8%) 
occluders                0/0               0/0        ( 0.0%) 
occluder polygons        0/0               0/0        ( 0.0%) 
occluder vert ind        0/0               0/0        ( 0.0%) 
detail props          [variable]           1/12       ( 8.3%) 
static props          [variable]           1/12       ( 8.3%) 
pakfile               [variable]          54/0        ( 0.0%) 
physics               [variable]      104072/4194304  ( 2.5%) 
physics terrain       [variable]           2/1048576  ( 0.0%) 

Level flags = 4

Total triangle count: 2332
Writing a:\steam\steamapps\common\insurgency2\insurgency\maps\acclamator_assault_blockout.bsp
15 seconds elapsed



materialPath: A:\Steam\steamapps\common\insurgency2\insurgency\materials
Loading A:\Steam\steamapps\common\insurgency2\insurgency\maps\acclamator_assault_blockout.vmf
Map revision 9
fixing up env_cubemap materials on brush sides...
0...1...2...3...4...5...6...7...8...9...10**** leaked ****
Entity water_lod_control (-6421.00 2720.95 440.00) leaked!

FindPortalSide: Couldn't find a good match for which brush to assign to a portal near (512.0 4096.0 240.0)
Leaf 0 contents: 
Leaf 1 contents: CONTENTS_SOLID 
viscontents (node 0 contents ^ node 1 contents): CONTENTS_SOLID 
This means that none of the brushes in leaf 0 or 1 that touches the portal has CONTENTS_SOLID 
Check for a huge brush enclosing the coordinates above that has contents CONTENTS_SOLID 
Candidate brush IDs: 


FindPortalSide: Couldn't find a good match for which brush to assign to a portal near (1024.0 3584.0 240.0)
Leaf 0 contents: 
Leaf 1 contents: CONTENTS_SOLID 
viscontents (node 0 contents ^ node 1 contents): CONTENTS_SOLID 
This means that none of the brushes in leaf 0 or 1 that touches the portal has CONTENTS_SOLID 
Check for a huge brush enclosing the coordinates above that has contents CONTENTS_SOLID 
Candidate brush IDs: 


FindPortalSide: Couldn't find a good match for which brush to assign to a portal near (1024.0 2560.0 240.0)
Leaf 0 contents: 
Leaf 1 contents: CONTENTS_SOLID 
viscontents (node 0 contents ^ node 1 contents): CONTENTS_SOLID 
This means that none of the brushes in leaf 0 or 1 that touches the portal has CONTENTS_SOLID 
Check for a huge brush enclosing the coordinates above that has contents CONTENTS_SOLID 
Candidate brush IDs: 


FindPortalSide: Couldn't find a good match for which brush to assign to a portal near (8.0 1024.0 240.0)
Leaf 0 contents: CONTENTS_SOLID 
Leaf 1 contents: 
viscontents (node 0 contents ^ node 1 contents): CONTENTS_SOLID 
This means that none of the brushes in leaf 0 or 1 that touches the portal has CONTENTS_SOLID 
Check for a huge brush enclosing the coordinates above that has contents CONTENTS_SOLID 
Candidate brush IDs: 


FindPortalSide: Couldn't find a good match for which brush to assign to a portal near (24.0 1024.0 240.0)
Leaf 0 contents: CONTENTS_SOLID 
Leaf 1 contents: 
viscontents (node 0 contents ^ node 1 contents): CONTENTS_SOLID 
This means that none of the brushes in leaf 0 or 1 that touches the portal has CONTENTS_SOLID 
Check for a huge brush enclosing the coordinates above that has contents CONTENTS_SOLID 
Candidate brush IDs: 


FindPortalSide: Couldn't find a good match for which brush to assign to a portal near (528.0 1024.0 240.0)
Leaf 0 contents: CONTENTS_SOLID 
Leaf 1 contents: 
viscontents (node 0 contents ^ node 1 contents): CONTENTS_SOLID 
This means that none of the brushes in leaf 0 or 1 that touches the portal has CONTENTS_SOLID 
Check for a huge brush enclosing the coordinates above that has contents CONTENTS_SOLID 
Candidate brush IDs: 


FindPortalSide: Couldn't find a good match for which brush to assign to a portal near (1024.0 1536.0 240.0)
Leaf 0 contents: 
Leaf 1 contents: CONTENTS_SOLID 
viscontents (node 0 contents ^ node 1 contents): CONTENTS_SOLID 
This means that none of the brushes in leaf 0 or 1 that touches the portal has CONTENTS_SOLID 
Check for a huge brush enclosing the coordinates above that has contents CONTENTS_SOLID 
Candidate brush IDs: 


FindPortalSide: Couldn't find a good match for which brush to assign to a portal near (-512.0 4096.0 240.0)
Leaf 0 contents: 
Leaf 1 contents: CONTENTS_SOLID 
viscontents (node 0 contents ^ node 1 contents): CONTENTS_SOLID 
This means that none of the brushes in leaf 0 or 1 that touches the portal has CONTENTS_SOLID 
Check for a huge brush enclosing the coordinates above that has contents CONTENTS_SOLID 
Candidate brush IDs: 

*** Suppressing further FindPortalSide errors.... ***
Processing areas...done (0)
Building Faces...done (0)
FixTjuncs...
PruneNodes...
WriteBSP...
done (0)
Finding displacement neighbors...
Finding lightmap sample positions...
Displacement Alpha : 0...1...2...3...4...5...6...7...8...9...10
Building Physics collision data...
done (0) (125731 bytes)
Placing detail props : 0...1...2...3...4...5...6...7...8...9...10
Compacting texture/material tables...
Reduced 51 texinfos to 37
Reduced 6 texdatas to 6 (144 bytes to 144)
Writing A:\Steam\steamapps\common\insurgency2\insurgency\maps\acclamator_assault_blockout.bsp
0 seconds elapsed



8 threads
reading a:\steam\steamapps\common\insurgency2\insurgency\maps\acclamator_assault_blockout.bsp
reading a:\steam\steamapps\common\insurgency2\insurgency\maps\acclamator_assault_blockout.prt
LoadPortals: couldn't read a:\steam\steamapps\common\insurgency2\insurgency\maps\acclamator_assault_blockout.prt



materialPath: A:\Steam\steamapps\common\insurgency2\insurgency\materials
Loading A:\Steam\steamapps\common\insurgency2\insurgency\maps\acclamator_assault_blockout.vmf
Map revision 9
fixing up env_cubemap materials on brush sides...
0...1...2...3...4...5...6...7...8...9...10**** leaked ****
Entity water_lod_control (-6421.00 2720.95 440.00) leaked!

FindPortalSide: Couldn't find a good match for which brush to assign to a portal near (512.0 4096.0 240.0)
Leaf 0 contents: 
Leaf 1 contents: CONTENTS_SOLID 
viscontents (node 0 contents ^ node 1 contents): CONTENTS_SOLID 
This means that none of the brushes in leaf 0 or 1 that touches the portal has CONTENTS_SOLID 
Check for a huge brush enclosing the coordinates above that has contents CONTENTS_SOLID 
Candidate brush IDs: 


FindPortalSide: Couldn't find a good match for which brush to assign to a portal near (1024.0 3584.0 240.0)
Leaf 0 contents: 
Leaf 1 contents: CONTENTS_SOLID 
viscontents (node 0 contents ^ node 1 contents): CONTENTS_SOLID 
This means that none of the brushes in leaf 0 or 1 that touches the portal has CONTENTS_SOLID 
Check for a huge brush enclosing the coordinates above that has contents CONTENTS_SOLID 
Candidate brush IDs: 


FindPortalSide: Couldn't find a good match for which brush to assign to a portal near (1024.0 2560.0 240.0)
Leaf 0 contents: 
Leaf 1 contents: CONTENTS_SOLID 
viscontents (node 0 contents ^ node 1 contents): CONTENTS_SOLID 
This means that none of the brushes in leaf 0 or 1 that touches the portal has CONTENTS_SOLID 
Check for a huge brush enclosing the coordinates above that has contents CONTENTS_SOLID 
Candidate brush IDs: 


FindPortalSide: Couldn't find a good match for which brush to assign to a portal near (8.0 1024.0 240.0)
Leaf 0 contents: CONTENTS_SOLID 
Leaf 1 contents: 
viscontents (node 0 contents ^ node 1 contents): CONTENTS_SOLID 
This means that none of the brushes in leaf 0 or 1 that touches the portal has CONTENTS_SOLID 
Check for a huge brush enclosing the coordinates above that has contents CONTENTS_SOLID 
Candidate brush IDs: 


FindPortalSide: Couldn't find a good match for which brush to assign to a portal near (24.0 1024.0 240.0)
Leaf 0 contents: CONTENTS_SOLID 
Leaf 1 contents: 
viscontents (node 0 contents ^ node 1 contents): CONTENTS_SOLID 
This means that none of the brushes in leaf 0 or 1 that touches the portal has CONTENTS_SOLID 
Check for a huge brush enclosing the coordinates above that has contents CONTENTS_SOLID 
Candidate brush IDs: 


FindPortalSide: Couldn't find a good match for which brush to assign to a portal near (528.0 1024.0 240.0)
Leaf 0 contents: CONTENTS_SOLID 
Leaf 1 contents: 
viscontents (node 0 contents ^ node 1 contents): CONTENTS_SOLID 
This means that none of the brushes in leaf 0 or 1 that touches the portal has CONTENTS_SOLID 
Check for a huge brush enclosing the coordinates above that has contents CONTENTS_SOLID 
Candidate brush IDs: 


FindPortalSide: Couldn't find a good match for which brush to assign to a portal near (1024.0 1536.0 240.0)
Leaf 0 contents: 
Leaf 1 contents: CONTENTS_SOLID 
viscontents (node 0 contents ^ node 1 contents): CONTENTS_SOLID 
This means that none of the brushes in leaf 0 or 1 that touches the portal has CONTENTS_SOLID 
Check for a huge brush enclosing the coordinates above that has contents CONTENTS_SOLID 
Candidate brush IDs: 


FindPortalSide: Couldn't find a good match for which brush to assign to a portal near (-512.0 4096.0 240.0)
Leaf 0 contents: 
Leaf 1 contents: CONTENTS_SOLID 
viscontents (node 0 contents ^ node 1 contents): CONTENTS_SOLID 
This means that none of the brushes in leaf 0 or 1 that touches the portal has CONTENTS_SOLID 
Check for a huge brush enclosing the coordinates above that has contents CONTENTS_SOLID 
Candidate brush IDs: 

*** Suppressing further FindPortalSide errors.... ***
Processing areas...done (0)
Building Faces...done (0)
FixTjuncs...
PruneNodes...
WriteBSP...
done (0)
Finding displacement neighbors...
Finding lightmap sample positions...
Displacement Alpha : 0...1...2...3...4...5...6...7...8...9...10
Building Physics collision data...
done (0) (125731 bytes)
Placing detail props : 0...1...2...3...4...5...6...7...8...9...10
Compacting texture/material tables...
Reduced 51 texinfos to 37
Reduced 6 texdatas to 6 (144 bytes to 144)
Writing A:\Steam\steamapps\common\insurgency2\insurgency\maps\acclamator_assault_blockout.bsp
0 seconds elapsed



materialPath: A:\Steam\steamapps\common\insurgency2\insurgency\materials
Loading A:\Steam\steamapps\common\insurgency2\insurgency\maps\acclamator_assault_blockout.vmf
Map revision 10
fixing up env_cubemap materials on brush sides...
0...1...2...3...4...5...6...7...8...9...100...1...2...3...4...5...6...7...8...9...10Processing areas...done (0)
Building Faces...done (0)
FixTjuncs...
PruneNodes...
WriteBSP...
done (0)
writing A:\Steam\steamapps\common\insurgency2\insurgency\maps\acclamator_assault_blockout.prt...Building visibility clusters...
done (0)
Finding displacement neighbors...
Finding lightmap sample positions...
Displacement Alpha : 0...1...2...3...4...5...6...7...8...9...10
Building Physics collision data...
done (0) (125731 bytes)
Placing detail props : 0...1...2...3...4...5...6...7...8...9...10
Compacting texture/material tables...
Reduced 51 texinfos to 37
Reduced 6 texdatas to 6 (144 bytes to 144)
Writing A:\Steam\steamapps\common\insurgency2\insurgency\maps\acclamator_assault_blockout.bsp
0 seconds elapsed



8 threads
reading a:\steam\steamapps\common\insurgency2\insurgency\maps\acclamator_assault_blockout.bsp
reading a:\steam\steamapps\common\insurgency2\insurgency\maps\acclamator_assault_blockout.prt
 168 portalclusters
 257 numportals
0...1...2...3...4...5...6...7...8...9...100...1...2...3...4...5...6...7...8...9...10Optimized: 142 visible clusters (0.00%)
Total clusters visible: 8308
Average clusters visible: 49
Building PAS...
Average clusters audible: 137
visdatasize:7689  compressed from 8064
writing a:\steam\steamapps\common\insurgency2\insurgency\maps\acclamator_assault_blockout.bsp
0 seconds elapsed



[Reading texlights from 'lights.rad']
[4 texlights parsed from 'lights.rad']

Loading a:\steam\steamapps\common\insurgency2\insurgency\maps\acclamator_assault_blockout.bsp
928 faces
310721 square feet [44743840.00 square inches]
0 Displacements
0 Square Feet [0.00 Square Inches]
928 patches before subdivision
42650 patches after subdivision
23 direct lights
0...1...2...3...4...5...6...7...8...9...100...1...2...3...4...5...6...7...8...9...10transfers 4956566, max 397
transfer lists:  37.8 megs
0...1...2...3...4...5...6...7...8...9...10	Bounce #1 added RGB(78233, 41803, 9003)
0...1...2...3...4...5...6...7...8...9...10	Bounce #2 added RGB(38296, 7523, 131)
0...1...2...3...4...5...6...7...8...9...10	Bounce #3 added RGB(20415, 1372, 4)
0...1...2...3...4...5...6...7...8...9...10	Bounce #4 added RGB(10697, 248, 0)
0...1...2...3...4...5...6...7...8...9...10	Bounce #5 added RGB(5697, 45, 0)
0...1...2...3...4...5...6...7...8...9...10	Bounce #6 added RGB(3029, 8, 0)
0...1...2...3...4...5...6...7...8...9...10	Bounce #7 added RGB(1618, 1, 0)
0...1...2...3...4...5...6...7...8...9...10	Bounce #8 added RGB(865, 0, 0)
0...1...2...3...4...5...6...7...8...9...10	Bounce #9 added RGB(463, 0, 0)
0...1...2...3...4...5...6...7...8...9...10	Bounce #10 added RGB(248, 0, 0)
0...1...2...3...4...5...6...7...8...9...10	Bounce #11 added RGB(133, 0, 0)
0...1...2...3...4...5...6...7...8...9...10	Bounce #12 added RGB(71, 0, 0)
0...1...2...3...4...5...6...7...8...9...10	Bounce #13 added RGB(38, 0, 0)
0...1...2...3...4...5...6...7...8...9...10	Bounce #14 added RGB(21, 0, 0)
0...1...2...3...4...5...6...7...8...9...10	Bounce #15 added RGB(11, 0, 0)
0...1...2...3...4...5...6...7...8...9...10	Bounce #16 added RGB(6, 0, 0)
0...1...2...3...4...5...6...7...8...9...10	Bounce #17 added RGB(3, 0, 0)
0...1...2...3...4...5...6...7...8...9...10	Bounce #18 added RGB(2, 0, 0)
0...1...2...3...4...5...6...7...8...9...10	Bounce #19 added RGB(1, 0, 0)
Build Patch/Sample Hash Table(s).....Done<0.0079 sec>
0...1...2...3...4...5...6...7...8...9...10FinalLightFace Done
0 of 0 (0% of) surface lights went in leaf ambient cubes.
0...1...2...3...4...5...6...7...8...9...10Writing leaf ambient...done
Ready to Finish

Object names       Objects/Maxobjs  Memory / Maxmem  Fullness 
------------       ---------------  ---------------  -------- 
models                   3/1024          144/49152    ( 0.3%) 
brushes                361/8192         4332/98304    ( 4.4%) 
brushsides            2166/65536       17328/524288   ( 3.3%) 
planes                 338/65536        6760/1310720  ( 0.5%) 
vertexes              1760/65536       21120/786432   ( 2.7%) 
nodes                  592/65536       18944/2097152  ( 0.9%) 
texinfos                37/12288        2664/884736   ( 0.3%) 
texdata                  6/2048          192/65536    ( 0.3%) 
dispinfos                0/0               0/0        ( 0.0%) 
disp_verts               0/0               0/0        ( 0.0%) 
disp_tris                0/0               0/0        ( 0.0%) 
disp_multiblend          0/0               0/0        ( 0.0%) 
disp_lmsamples           0/0               0/0        ( 0.0%) 
faces                  928/65536       51968/3670016  ( 1.4%) 
hdr faces                0/65536           0/3670016  ( 0.0%) 
origfaces              492/65536       27552/3670016  ( 0.8%) 
facebrushes            454/0             908/0        ( 0.0%) 
facebrushlists         928/0            3712/0        ( 0.0%) 
leaves                 596/65536       19072/2097152  ( 0.9%) 
leaffaces              939/65536        1878/131072   ( 1.4%) 
leafbrushes            738/65536        1476/131072   ( 1.1%) 
areas                    2/1024           16/8192     ( 0.2%) 
surfedges             6257/512000      25028/2048000  ( 1.2%) 
edges                 3754/256000      15016/1024000  ( 1.5%) 
LDR worldlights         23/8192         2300/819200   ( 0.3%) 
HDR worldlights          0/8192            0/819200   ( 0.0%) 
leafwaterdata            0/32768           0/393216   ( 0.0%) 
waterstrips             84/32768         840/327680   ( 0.3%) 
waterverts               0/65536           0/786432   ( 0.0%) 
waterindices          1200/65536        2400/131072   ( 1.8%) 
cubemapsamples           0/1024            0/16384    ( 0.0%) 
overlays                 0/1024            0/360448   ( 0.0%) 
LDR lightdata         [variable]     1808972/0        ( 0.0%) 
HDR lightdata         [variable]           0/0        ( 0.0%) 
visdata               [variable]        7689/16777216 ( 0.0%) 
entdata               [variable]       12886/393216   ( 3.3%) 
LDR ambient table      596/65536        2384/262144   ( 0.9%) 
HDR ambient table      596/65536        2384/262144   ( 0.9%) 
LDR leaf ambient      1941/65536       54348/1835008  ( 3.0%) 
HDR leaf ambient       596/65536       16688/1835008  ( 0.9%) 
occluders                0/0               0/0        ( 0.0%) 
occluder polygons        0/0               0/0        ( 0.0%) 
occluder vert ind        0/0               0/0        ( 0.0%) 
detail props          [variable]           1/12       ( 8.3%) 
static props          [variable]           1/12       ( 8.3%) 
pakfile               [variable]          54/0        ( 0.0%) 
physics               [variable]      125731/4194304  ( 3.0%) 
physics terrain       [variable]           2/1048576  ( 0.0%) 

Level flags = 4

Total triangle count: 2433
Writing a:\steam\steamapps\common\insurgency2\insurgency\maps\acclamator_assault_blockout.bsp
22 seconds elapsed



materialPath: A:\Steam\steamapps\common\insurgency2\insurgency\materials
Loading A:\Steam\steamapps\common\insurgency2\insurgency\maps\acclamator_assault_blockout.vmf
Map revision 19
fixing up env_cubemap materials on brush sides...
0...1...2...3...4...5...6...7...8...9...10**** leaked ****
Entity light (-288.00 -159.00 95.01) leaked!

FindPortalSide: Couldn't find a good match for which brush to assign to a portal near (6656.0 4096.0 -370.0)
Leaf 0 contents: 
Leaf 1 contents: CONTENTS_SOLID 
viscontents (node 0 contents ^ node 1 contents): CONTENTS_SOLID 
This means that none of the brushes in leaf 0 or 1 that touches the portal has CONTENTS_SOLID 
Check for a huge brush enclosing the coordinates above that has contents CONTENTS_SOLID 
Candidate brush IDs: 


FindPortalSide: Couldn't find a good match for which brush to assign to a portal near (7168.0 3584.0 -370.0)
Leaf 0 contents: 
Leaf 1 contents: CONTENTS_SOLID 
viscontents (node 0 contents ^ node 1 contents): CONTENTS_SOLID 
This means that none of the brushes in leaf 0 or 1 that touches the portal has CONTENTS_SOLID 
Check for a huge brush enclosing the coordinates above that has contents CONTENTS_SOLID 
Candidate brush IDs: 


FindPortalSide: Couldn't find a good match for which brush to assign to a portal near (7168.0 2560.0 -370.0)
Leaf 0 contents: 
Leaf 1 contents: CONTENTS_SOLID 
viscontents (node 0 contents ^ node 1 contents): CONTENTS_SOLID 
This means that none of the brushes in leaf 0 or 1 that touches the portal has CONTENTS_SOLID 
Check for a huge brush enclosing the coordinates above that has contents CONTENTS_SOLID 
Candidate brush IDs: 


FindPortalSide: Couldn't find a good match for which brush to assign to a portal near (5632.0 4096.0 -370.0)
Leaf 0 contents: 
Leaf 1 contents: CONTENTS_SOLID 
viscontents (node 0 contents ^ node 1 contents): CONTENTS_SOLID 
This means that none of the brushes in leaf 0 or 1 that touches the portal has CONTENTS_SOLID 
Check for a huge brush enclosing the coordinates above that has contents CONTENTS_SOLID 
Candidate brush IDs: 


FindPortalSide: Couldn't find a good match for which brush to assign to a portal near (4608.0 4096.0 -370.0)
Leaf 0 contents: 
Leaf 1 contents: CONTENTS_SOLID 
viscontents (node 0 contents ^ node 1 contents): CONTENTS_SOLID 
This means that none of the brushes in leaf 0 or 1 that touches the portal has CONTENTS_SOLID 
Check for a huge brush enclosing the coordinates above that has contents CONTENTS_SOLID 
Candidate brush IDs: 


FindPortalSide: Couldn't find a good match for which brush to assign to a portal near (7168.0 1536.0 -370.0)
Leaf 0 contents: 
Leaf 1 contents: CONTENTS_SOLID 
viscontents (node 0 contents ^ node 1 contents): CONTENTS_SOLID 
This means that none of the brushes in leaf 0 or 1 that touches the portal has CONTENTS_SOLID 
Check for a huge brush enclosing the coordinates above that has contents CONTENTS_SOLID 
Candidate brush IDs: 


FindPortalSide: Couldn't find a good match for which brush to assign to a portal near (7168.0 512.0 -370.0)
Leaf 0 contents: 
Leaf 1 contents: CONTENTS_SOLID 
viscontents (node 0 contents ^ node 1 contents): CONTENTS_SOLID 
This means that none of the brushes in leaf 0 or 1 that touches the portal has CONTENTS_SOLID 
Check for a huge brush enclosing the coordinates above that has contents CONTENTS_SOLID 
Candidate brush IDs: 


FindPortalSide: Couldn't find a good match for which brush to assign to a portal near (6160.0 -1024.0 -370.0)
Leaf 0 contents: CONTENTS_SOLID 
Leaf 1 contents: 
viscontents (node 0 contents ^ node 1 contents): CONTENTS_SOLID 
This means that none of the brushes in leaf 0 or 1 that touches the portal has CONTENTS_SOLID 
Check for a huge brush enclosing the coordinates above that has contents CONTENTS_SOLID 
Candidate brush IDs: 

*** Suppressing further FindPortalSide errors.... ***
Processing areas...done (0)
Building Faces...done (0)
Chop Details...done (0)
Find Visible Detail Sides...
Merged 766 detail faces...done (0)
Merging details...done (0)
FixTjuncs...
PruneNodes...
WriteBSP...
done (0)
Finding displacement neighbors...
Finding lightmap sample positions...
Displacement Alpha : 0...1...2...3...4...5...6...7...8...9...10
Building Physics collision data...
done (0) (834888 bytes)
Placing detail props : 0...1...2...3...4...5...6...7...8...9...10
Compacting texture/material tables...
Reduced 2841 texinfos to 1606
Reduced 9 texdatas to 9 (255 bytes to 255)
Writing A:\Steam\steamapps\common\insurgency2\insurgency\maps\acclamator_assault_blockout.bsp
1 second elapsed



8 threads
reading a:\steam\steamapps\common\insurgency2\insurgency\maps\acclamator_assault_blockout.bsp
reading a:\steam\steamapps\common\insurgency2\insurgency\maps\acclamator_assault_blockout.prt
LoadPortals: couldn't read a:\steam\steamapps\common\insurgency2\insurgency\maps\acclamator_assault_blockout.prt



materialPath: A:\Steam\steamapps\common\insurgency2\insurgency\materials
Loading A:\Steam\steamapps\common\insurgency2\insurgency\maps\acclamator_assault_blockout.vmf
Map revision 21
fixing up env_cubemap materials on brush sides...
0...1...2...3...4...5...6...7...8...9...10**** leaked ****
Entity light (-184.00 -1783.00 -148.00) leaked!

FindPortalSide: Couldn't find a good match for which brush to assign to a portal near (6656.0 4096.0 -364.0)
Leaf 0 contents: 
Leaf 1 contents: CONTENTS_SOLID 
viscontents (node 0 contents ^ node 1 contents): CONTENTS_SOLID 
This means that none of the brushes in leaf 0 or 1 that touches the portal has CONTENTS_SOLID 
Check for a huge brush enclosing the coordinates above that has contents CONTENTS_SOLID 
Candidate brush IDs: 


FindPortalSide: Couldn't find a good match for which brush to assign to a portal near (7168.0 3584.0 -364.0)
Leaf 0 contents: 
Leaf 1 contents: CONTENTS_SOLID 
viscontents (node 0 contents ^ node 1 contents): CONTENTS_SOLID 
This means that none of the brushes in leaf 0 or 1 that touches the portal has CONTENTS_SOLID 
Check for a huge brush enclosing the coordinates above that has contents CONTENTS_SOLID 
Candidate brush IDs: 


FindPortalSide: Couldn't find a good match for which brush to assign to a portal near (7168.0 2560.0 -364.0)
Leaf 0 contents: 
Leaf 1 contents: CONTENTS_SOLID 
viscontents (node 0 contents ^ node 1 contents): CONTENTS_SOLID 
This means that none of the brushes in leaf 0 or 1 that touches the portal has CONTENTS_SOLID 
Check for a huge brush enclosing the coordinates above that has contents CONTENTS_SOLID 
Candidate brush IDs: 


FindPortalSide: Couldn't find a good match for which brush to assign to a portal near (5632.0 4096.0 -364.0)
Leaf 0 contents: 
Leaf 1 contents: CONTENTS_SOLID 
viscontents (node 0 contents ^ node 1 contents): CONTENTS_SOLID 
This means that none of the brushes in leaf 0 or 1 that touches the portal has CONTENTS_SOLID 
Check for a huge brush enclosing the coordinates above that has contents CONTENTS_SOLID 
Candidate brush IDs: 


FindPortalSide: Couldn't find a good match for which brush to assign to a portal near (4608.0 4096.0 -364.0)
Leaf 0 contents: 
Leaf 1 contents: CONTENTS_SOLID 
viscontents (node 0 contents ^ node 1 contents): CONTENTS_SOLID 
This means that none of the brushes in leaf 0 or 1 that touches the portal has CONTENTS_SOLID 
Check for a huge brush enclosing the coordinates above that has contents CONTENTS_SOLID 
Candidate brush IDs: 


FindPortalSide: Couldn't find a good match for which brush to assign to a portal near (7168.0 1536.0 -364.0)
Leaf 0 contents: 
Leaf 1 contents: CONTENTS_SOLID 
viscontents (node 0 contents ^ node 1 contents): CONTENTS_SOLID 
This means that none of the brushes in leaf 0 or 1 that touches the portal has CONTENTS_SOLID 
Check for a huge brush enclosing the coordinates above that has contents CONTENTS_SOLID 
Candidate brush IDs: 


FindPortalSide: Couldn't find a good match for which brush to assign to a portal near (7168.0 512.0 -364.0)
Leaf 0 contents: 
Leaf 1 contents: CONTENTS_SOLID 
viscontents (node 0 contents ^ node 1 contents): CONTENTS_SOLID 
This means that none of the brushes in leaf 0 or 1 that touches the portal has CONTENTS_SOLID 
Check for a huge brush enclosing the coordinates above that has contents CONTENTS_SOLID 
Candidate brush IDs: 


FindPortalSide: Couldn't find a good match for which brush to assign to a portal near (6160.0 -1024.0 -364.0)
Leaf 0 contents: CONTENTS_SOLID 
Leaf 1 contents: 
viscontents (node 0 contents ^ node 1 contents): CONTENTS_SOLID 
This means that none of the brushes in leaf 0 or 1 that touches the portal has CONTENTS_SOLID 
Check for a huge brush enclosing the coordinates above that has contents CONTENTS_SOLID 
Candidate brush IDs: 

*** Suppressing further FindPortalSide errors.... ***
Processing areas...done (0)
Building Faces...done (0)
Chop Details...done (0)
Find Visible Detail Sides...
Merged 766 detail faces...done (0)
Merging details...done (0)
FixTjuncs...
PruneNodes...
WriteBSP...
done (1)
Finding displacement neighbors...
Finding lightmap sample positions...
Displacement Alpha : 0...1...2...3...4...5...6...7...8...9...10
Building Physics collision data...
done (0) (837064 bytes)
Placing detail props : 0...1...2...3...4...5...6...7...8...9...10
Compacting texture/material tables...
Reduced 2851 texinfos to 1604
Reduced 9 texdatas to 9 (255 bytes to 255)
Writing A:\Steam\steamapps\common\insurgency2\insurgency\maps\acclamator_assault_blockout.bsp
1 second elapsed



8 threads
reading a:\steam\steamapps\common\insurgency2\insurgency\maps\acclamator_assault_blockout.bsp
reading a:\steam\steamapps\common\insurgency2\insurgency\maps\acclamator_assault_blockout.prt
LoadPortals: couldn't read a:\steam\steamapps\common\insurgency2\insurgency\maps\acclamator_assault_blockout.prt



materialPath: A:\Steam\steamapps\common\insurgency2\insurgency\materials
Loading A:\Steam\steamapps\common\insurgency2\insurgency\maps\acclamator_assault_blockout.vmf
Map revision 21
fixing up env_cubemap materials on brush sides...
0...1...2...3...4...5...6...7...8...9...10**** leaked ****
Entity light (-184.00 -1783.00 -148.00) leaked!

FindPortalSide: Couldn't find a good match for which brush to assign to a portal near (6656.0 4096.0 -364.0)
Leaf 0 contents: 
Leaf 1 contents: CONTENTS_SOLID 
viscontents (node 0 contents ^ node 1 contents): CONTENTS_SOLID 
This means that none of the brushes in leaf 0 or 1 that touches the portal has CONTENTS_SOLID 
Check for a huge brush enclosing the coordinates above that has contents CONTENTS_SOLID 
Candidate brush IDs: 


FindPortalSide: Couldn't find a good match for which brush to assign to a portal near (7168.0 3584.0 -364.0)
Leaf 0 contents: 
Leaf 1 contents: CONTENTS_SOLID 
viscontents (node 0 contents ^ node 1 contents): CONTENTS_SOLID 
This means that none of the brushes in leaf 0 or 1 that touches the portal has CONTENTS_SOLID 
Check for a huge brush enclosing the coordinates above that has contents CONTENTS_SOLID 
Candidate brush IDs: 


FindPortalSide: Couldn't find a good match for which brush to assign to a portal near (7168.0 2560.0 -364.0)
Leaf 0 contents: 
Leaf 1 contents: CONTENTS_SOLID 
viscontents (node 0 contents ^ node 1 contents): CONTENTS_SOLID 
This means that none of the brushes in leaf 0 or 1 that touches the portal has CONTENTS_SOLID 
Check for a huge brush enclosing the coordinates above that has contents CONTENTS_SOLID 
Candidate brush IDs: 


FindPortalSide: Couldn't find a good match for which brush to assign to a portal near (5632.0 4096.0 -364.0)
Leaf 0 contents: 
Leaf 1 contents: CONTENTS_SOLID 
viscontents (node 0 contents ^ node 1 contents): CONTENTS_SOLID 
This means that none of the brushes in leaf 0 or 1 that touches the portal has CONTENTS_SOLID 
Check for a huge brush enclosing the coordinates above that has contents CONTENTS_SOLID 
Candidate brush IDs: 


FindPortalSide: Couldn't find a good match for which brush to assign to a portal near (4608.0 4096.0 -364.0)
Leaf 0 contents: 
Leaf 1 contents: CONTENTS_SOLID 
viscontents (node 0 contents ^ node 1 contents): CONTENTS_SOLID 
This means that none of the brushes in leaf 0 or 1 that touches the portal has CONTENTS_SOLID 
Check for a huge brush enclosing the coordinates above that has contents CONTENTS_SOLID 
Candidate brush IDs: 


FindPortalSide: Couldn't find a good match for which brush to assign to a portal near (7168.0 1536.0 -364.0)
Leaf 0 contents: 
Leaf 1 contents: CONTENTS_SOLID 
viscontents (node 0 contents ^ node 1 contents): CONTENTS_SOLID 
This means that none of the brushes in leaf 0 or 1 that touches the portal has CONTENTS_SOLID 
Check for a huge brush enclosing the coordinates above that has contents CONTENTS_SOLID 
Candidate brush IDs: 


FindPortalSide: Couldn't find a good match for which brush to assign to a portal near (7168.0 512.0 -364.0)
Leaf 0 contents: 
Leaf 1 contents: CONTENTS_SOLID 
viscontents (node 0 contents ^ node 1 contents): CONTENTS_SOLID 
This means that none of the brushes in leaf 0 or 1 that touches the portal has CONTENTS_SOLID 
Check for a huge brush enclosing the coordinates above that has contents CONTENTS_SOLID 
Candidate brush IDs: 


FindPortalSide: Couldn't find a good match for which brush to assign to a portal near (6160.0 -1024.0 -364.0)
Leaf 0 contents: CONTENTS_SOLID 
Leaf 1 contents: 
viscontents (node 0 contents ^ node 1 contents): CONTENTS_SOLID 
This means that none of the brushes in leaf 0 or 1 that touches the portal has CONTENTS_SOLID 
Check for a huge brush enclosing the coordinates above that has contents CONTENTS_SOLID 
Candidate brush IDs: 

*** Suppressing further FindPortalSide errors.... ***
Processing areas...done (0)
Building Faces...done (0)
Chop Details...done (0)
Find Visible Detail Sides...
Merged 766 detail faces...done (0)
Merging details...done (0)
FixTjuncs...
PruneNodes...
WriteBSP...
done (1)
Finding displacement neighbors...
Finding lightmap sample positions...
Displacement Alpha : 0...1...2...3...4...5...6...7...8...9...10
Building Physics collision data...



materialPath: A:\Steam\steamapps\common\insurgency2\insurgency\materials
Loading A:\Steam\steamapps\common\insurgency2\insurgency\maps\acclamator_assault_blockout.vmf
Map revision 22
fixing up env_cubemap materials on brush sides...
0...1...2...3...4...5...6...7...8...9...100...1...2...3...4...5...6...7...8...9...10Processing areas...done (0)
Building Faces...done (0)
Chop Details...done (0)
Find Visible Detail Sides...
Merged 766 detail faces...done (0)
Merging details...done (0)
FixTjuncs...
PruneNodes...
WriteBSP...
done (0)
writing A:\Steam\steamapps\common\insurgency2\insurgency\maps\acclamator_assault_blockout.prt...Building visibility clusters...
done (1)
Finding displacement neighbors...
Finding lightmap sample positions...
Displacement Alpha : 0...1...2...3...4...5...6...7...8...9...10
Building Physics collision data...
done (0) (839272 bytes)
Placing detail props : 0...1...2...3...4...5...6...7...8...9...10
Compacting texture/material tables...
Reduced 2867 texinfos to 1604
Reduced 9 texdatas to 9 (255 bytes to 255)
Writing A:\Steam\steamapps\common\insurgency2\insurgency\maps\acclamator_assault_blockout.bsp
1 second elapsed



8 threads
reading a:\steam\steamapps\common\insurgency2\insurgency\maps\acclamator_assault_blockout.bsp
reading a:\steam\steamapps\common\insurgency2\insurgency\maps\acclamator_assault_blockout.prt
1293 portalclusters
4188 numportals
0...1...2...3...4...5...6...7...8...9...100...1...2...3...4...5...6...7...8...9...10Optimized: 7436 visible clusters (0.00%)
Total clusters visible: 854998
Average clusters visible: 661
Building PAS...
Average clusters audible: 994
visdatasize:327592  compressed from 434448
writing a:\steam\steamapps\common\insurgency2\insurgency\maps\acclamator_assault_blockout.bsp
33 minutes, 40 seconds elapsed



[Reading texlights from 'lights.rad']
[4 texlights parsed from 'lights.rad']

Loading a:\steam\steamapps\common\insurgency2\insurgency\maps\acclamator_assault_blockout.bsp
8339 faces
39 degenerate faces
1556256 square feet [224100912.00 square inches]
0 Displacements
0 Square Feet [0.00 Square Inches]
8300 patches before subdivision
125184 patches after subdivision
109 direct lights
0...1...2...3...4...5...6...7...8...9...100...1...2...3...4...5...6...7...8...9...10transfers 23032257, max 1150
transfer lists: 175.7 megs
0...1...2...3...4...5...6...7...8...9...10	Bounce #1 added RGB(893459, 562882, 245713)
0...1...2...3...4...5...6...7...8...9...10	Bounce #2 added RGB(267373, 73463, 14821)
0...1...2...3...4...5...6...7...8...9...10	Bounce #3 added RGB(92047, 9995, 1030)
0...1...2...3...4...5...6...7...8...9...10	Bounce #4 added RGB(33201, 1375, 69)
0...1...2...3...4...5...6...7...8...9...10	Bounce #5 added RGB(13253, 194, 5)
0...1...2...3...4...5...6...7...8...9...10	Bounce #6 added RGB(5654, 28, 0)
0...1...2...3...4...5...6...7...8...9...10	Bounce #7 added RGB(2578, 4, 0)
0...1...2...3...4...5...6...7...8...9...10	Bounce #8 added RGB(1230, 1, 0)
0...1...2...3...4...5...6...7...8...9...10	Bounce #9 added RGB(608, 0, 0)
0...1...2...3...4...5...6...7...8...9...10	Bounce #10 added RGB(308, 0, 0)
0...1...2...3...4...5...6...7...8...9...10	Bounce #11 added RGB(159, 0, 0)
0...1...2...3...4...5...6...7...8...9...10	Bounce #12 added RGB(83, 0, 0)
0...1...2...3...4...5...6...7...8...9...10	Bounce #13 added RGB(44, 0, 0)
0...1...2...3...4...5...6...7...8...9...10	Bounce #14 added RGB(23, 0, 0)
0...1...2...3...4...5...6...7...8...9...10	Bounce #15 added RGB(12, 0, 0)
0...1...2...3...4...5...6...7...8...9...10	Bounce #16 added RGB(7, 0, 0)
0...1...2...3...4...5...6...7...8...9...10	Bounce #17 added RGB(4, 0, 0)
0...1...2...3...4...5...6...7...8...9...10	Bounce #18 added RGB(2, 0, 0)
0...1...2...3...4...5...6...7...8...9...10	Bounce #19 added RGB(1, 0, 0)
0...1...2...3...4...5...6...7...8...9...10	Bounce #20 added RGB(1, 0, 0)
Build Patch/Sample Hash Table(s).....Done<0.0348 sec>
0...1...2...3...4...5...6...7...8...9...10FinalLightFace Done
0 of 0 (0% of) surface lights went in leaf ambient cubes.
0...1...2...3...4...5...6...7...8...9...10Writing leaf ambient...done
Ready to Finish

Object names       Objects/Maxobjs  Memory / Maxmem  Fullness 
------------       ---------------  ---------------  -------- 
models                   3/1024          144/49152    ( 0.3%) 
brushes               2274/8192        27288/98304    (27.8%) 
brushsides           22599/65536      180792/524288   (34.5%) 
planes               17786/65536      355720/1310720  (27.1%) 
vertexes             15033/65536      180396/786432   (22.9%) 
nodes                 2762/65536       88384/2097152  ( 4.2%) 
texinfos              1604/12288      115488/884736   (13.1%) 
texdata                  9/2048          288/65536    ( 0.4%) 
dispinfos                0/0               0/0        ( 0.0%) 
disp_verts               0/0               0/0        ( 0.0%) 
disp_tris                0/0               0/0        ( 0.0%) 
disp_multiblend          0/0               0/0        ( 0.0%) 
disp_lmsamples           0/0               0/0        ( 0.0%) 
faces                 8339/65536      466984/3670016  (12.7%) 
hdr faces                0/65536           0/3670016  ( 0.0%) 
origfaces             6409/65536      358904/3670016  ( 9.8%) 
facebrushes            637/0            1274/0        ( 0.0%) 
facebrushlists        8339/0           33356/0        ( 0.0%) 
leaves                2766/65536       88512/2097152  ( 4.2%) 
leaffaces            10659/65536       21318/131072   (16.3%) 
leafbrushes           4496/65536        8992/131072   ( 6.9%) 
areas                    2/1024           16/8192     ( 0.2%) 
surfedges            65710/512000     262840/2048000  (12.8%) 
edges                40525/256000     162100/1024000  (15.8%) 
LDR worldlights        109/8192        10900/819200   ( 1.3%) 
HDR worldlights          0/8192            0/819200   ( 0.0%) 
leafwaterdata            0/32768           0/393216   ( 0.0%) 
waterstrips            983/32768        9830/327680   ( 3.0%) 
waterverts               0/65536           0/786432   ( 0.0%) 
waterindices         18861/65536       37722/131072   (28.8%) 
cubemapsamples           0/1024            0/16384    ( 0.0%) 
overlays                 0/1024            0/360448   ( 0.0%) 
LDR lightdata         [variable]     6085056/0        ( 0.0%) 
HDR lightdata         [variable]           0/0        ( 0.0%) 
visdata               [variable]      327592/16777216 ( 2.0%) 
entdata               [variable]       49206/393216   (12.5%) 
LDR ambient table     2766/65536       11064/262144   ( 4.2%) 
HDR ambient table     2766/65536       11064/262144   ( 4.2%) 
LDR leaf ambient     13469/65536      377132/1835008  (20.6%) 
HDR leaf ambient      2766/65536       77448/1835008  ( 4.2%) 
occluders                0/0               0/0        ( 0.0%) 
occluder polygons        0/0               0/0        ( 0.0%) 
occluder vert ind        0/0               0/0        ( 0.0%) 
detail props          [variable]           1/12       ( 8.3%) 
static props          [variable]           1/12       ( 8.3%) 
pakfile               [variable]          54/0        ( 0.0%) 
physics               [variable]      839272/4194304  (20.0%) 
physics terrain       [variable]           2/1048576  ( 0.0%) 

Level flags = 4

Total triangle count: 22841
Writing a:\steam\steamapps\common\insurgency2\insurgency\maps\acclamator_assault_blockout.bsp
5 minutes, 2 seconds elapsed
